[debug] [2024-02-04T13:09:54.687Z] ----------------------------------------------------------------------
[debug] [2024-02-04T13:09:54.689Z] Command:       /opt/homebrew/Cellar/node/21.6.1/bin/node /opt/homebrew/bin/firebase init
[debug] [2024-02-04T13:09:54.689Z] CLI Version:   13.1.0
[debug] [2024-02-04T13:09:54.689Z] Platform:      darwin
[debug] [2024-02-04T13:09:54.689Z] Node Version:  v21.6.1
[debug] [2024-02-04T13:09:54.689Z] Time:          Sun Feb 04 2024 08:09:54 GMT-0500 (Eastern Standard Time)
[debug] [2024-02-04T13:09:54.689Z] ----------------------------------------------------------------------
[debug] 
[debug] [2024-02-04T13:09:54.715Z] > command requires scopes: ["email","openid","https://www.googleapis.com/auth/cloudplatformprojects.readonly","https://www.googleapis.com/auth/firebase","https://www.googleapis.com/auth/cloud-platform"]
[debug] [2024-02-04T13:09:54.715Z] > authorizing via signed-in user (malek@shusmo.io)
[info] 
     ######## #### ########  ######## ########     ###     ######  ########
     ##        ##  ##     ## ##       ##     ##  ##   ##  ##       ##
     ######    ##  ########  ######   ########  #########  ######  ######
     ##        ##  ##    ##  ##       ##     ## ##     ##       ## ##
     ##       #### ##     ## ######## ########  ##     ##  ######  ########

You're about to initialize a Firebase project in this directory:

  /Users/kaliham/development/eshi-website/eshi-website

Before we get started, keep in mind:

  * You are initializing within an existing Firebase project directory

